[debug] [2025-08-27T22:26:26.298Z] ----------------------------------------------------------------------
[debug] [2025-08-27T22:26:26.300Z] Command:       /usr/local/share/nvm/versions/node/v20.19.4/bin/node /usr/local/share/nvm/versions/node/v20.19.4/bin/firebase deploy
[debug] [2025-08-27T22:26:26.300Z] CLI Version:   14.13.0
[debug] [2025-08-27T22:26:26.301Z] Platform:      linux
[debug] [2025-08-27T22:26:26.301Z] Node Version:  v20.19.4
[debug] [2025-08-27T22:26:26.301Z] Time:          Wed Aug 27 2025 22:26:26 GMT+0000 (Coordinated Universal Time)
[debug] [2025-08-27T22:26:26.301Z] Env Overrides: GITHUB_API_URL, GITHUB_API_URL
[debug] [2025-08-27T22:26:26.301Z] ----------------------------------------------------------------------
[debug] 
[debug] [2025-08-27T22:26:26.540Z] > command requires scopes: ["email","openid","https://www.googleapis.com/auth/cloudplatformprojects.readonly","https://www.googleapis.com/auth/firebase","https://www.googleapis.com/auth/cloud-platform"]
[debug] [2025-08-27T22:26:26.540Z] > authorizing via signed-in user (saulsetton87@gmail.com)
[debug] [2025-08-27T22:26:26.541Z] [iam] checking project buyback-a0f05 for permissions ["cloudfunctions.functions.create","cloudfunctions.functions.delete","cloudfunctions.functions.get","cloudfunctions.functions.list","cloudfunctions.functions.update","cloudfunctions.operations.get","datastore.indexes.create","datastore.indexes.delete","datastore.indexes.list","datastore.indexes.update","firebase.projects.get","firebasehosting.sites.update"]
[debug] [2025-08-27T22:26:26.541Z] Checked if tokens are valid: true, expires at: 1756334559738
[debug] [2025-08-27T22:26:26.542Z] Checked if tokens are valid: true, expires at: 1756334559738
[debug] [2025-08-27T22:26:26.543Z] >>> [apiv2][query] POST https://cloudresourcemanager.googleapis.com/v1/projects/buyback-a0f05:testIamPermissions [none]
[debug] [2025-08-27T22:26:26.543Z] >>> [apiv2][(partial)header] POST https://cloudresourcemanager.googleapis.com/v1/projects/buyback-a0f05:testIamPermissions x-goog-quota-user=projects/buyback-a0f05
[debug] [2025-08-27T22:26:26.543Z] >>> [apiv2][body] POST https://cloudresourcemanager.googleapis.com/v1/projects/buyback-a0f05:testIamPermissions {"permissions":["cloudfunctions.functions.create","cloudfunctions.functions.delete","cloudfunctions.functions.get","cloudfunctions.functions.list","cloudfunctions.functions.update","cloudfunctions.operations.get","datastore.indexes.create","datastore.indexes.delete","datastore.indexes.list","datastore.indexes.update","firebase.projects.get","firebasehosting.sites.update"]}
[debug] [2025-08-27T22:26:26.663Z] <<< [apiv2][status] POST https://cloudresourcemanager.googleapis.com/v1/projects/buyback-a0f05:testIamPermissions 200
[debug] [2025-08-27T22:26:26.663Z] <<< [apiv2][body] POST https://cloudresourcemanager.googleapis.com/v1/projects/buyback-a0f05:testIamPermissions {"permissions":["cloudfunctions.functions.create","cloudfunctions.functions.delete","cloudfunctions.functions.get","cloudfunctions.functions.list","cloudfunctions.functions.update","cloudfunctions.operations.get","datastore.indexes.create","datastore.indexes.delete","datastore.indexes.list","datastore.indexes.update","firebase.projects.get","firebasehosting.sites.update"]}
[debug] [2025-08-27T22:26:26.663Z] Checked if tokens are valid: true, expires at: 1756334559738
[debug] [2025-08-27T22:26:26.663Z] Checked if tokens are valid: true, expires at: 1756334559738
[debug] [2025-08-27T22:26:26.663Z] >>> [apiv2][query] POST https://iam.googleapis.com/v1/projects/buyback-a0f05/serviceAccounts/buyback-a0f05@appspot.gserviceaccount.com:testIamPermissions [none]
[debug] [2025-08-27T22:26:26.664Z] >>> [apiv2][body] POST https://iam.googleapis.com/v1/projects/buyback-a0f05/serviceAccounts/buyback-a0f05@appspot.gserviceaccount.com:testIamPermissions {"permissions":["iam.serviceAccounts.actAs"]}
[debug] [2025-08-27T22:26:26.740Z] <<< [apiv2][status] POST https://iam.googleapis.com/v1/projects/buyback-a0f05/serviceAccounts/buyback-a0f05@appspot.gserviceaccount.com:testIamPermissions 200
[debug] [2025-08-27T22:26:26.740Z] <<< [apiv2][body] POST https://iam.googleapis.com/v1/projects/buyback-a0f05/serviceAccounts/buyback-a0f05@appspot.gserviceaccount.com:testIamPermissions {"permissions":["iam.serviceAccounts.actAs"]}
[debug] [2025-08-27T22:26:26.741Z] Checked if tokens are valid: true, expires at: 1756334559738
[debug] [2025-08-27T22:26:26.741Z] Checked if tokens are valid: true, expires at: 1756334559738
[debug] [2025-08-27T22:26:26.741Z] >>> [apiv2][query] GET https://firebase.googleapis.com/v1beta1/projects/buyback-a0f05 [none]
