[debug] [2025-08-27T17:16:19.708Z] ----------------------------------------------------------------------
[debug] [2025-08-27T17:16:19.710Z] Command:       /usr/local/share/nvm/versions/node/v20.19.4/bin/node /usr/local/share/nvm/versions/node/v20.19.4/bin/firebase deploy
[debug] [2025-08-27T17:16:19.711Z] CLI Version:   14.13.0
[debug] [2025-08-27T17:16:19.711Z] Platform:      linux
[debug] [2025-08-27T17:16:19.711Z] Node Version:  v20.19.4
[debug] [2025-08-27T17:16:19.711Z] Time:          Wed Aug 27 2025 17:16:19 GMT+0000 (Coordinated Universal Time)
[debug] [2025-08-27T17:16:19.711Z] Env Overrides: GITHUB_API_URL, GITHUB_API_URL
[debug] [2025-08-27T17:16:19.711Z] ----------------------------------------------------------------------
[debug] 
[debug] [2025-08-27T17:16:19.935Z] > command requires scopes: ["email","openid","https://www.googleapis.com/auth/cloudplatformprojects.readonly","https://www.googleapis.com/auth/firebase","https://www.googleapis.com/auth/cloud-platform"]
[debug] [2025-08-27T17:16:19.935Z] > authorizing via signed-in user (saulsetton87@gmail.com)
[debug] [2025-08-27T17:16:19.935Z] [iam] checking project buyback-a0f05 for permissions ["cloudfunctions.functions.create","cloudfunctions.functions.delete","cloudfunctions.functions.get","cloudfunctions.functions.list","cloudfunctions.functions.update","cloudfunctions.operations.get","datastore.indexes.create","datastore.indexes.delete","datastore.indexes.list","datastore.indexes.update","firebase.projects.get","firebasehosting.sites.update"]
[debug] [2025-08-27T17:16:19.936Z] Checked if tokens are valid: true, expires at: 1756317311423
[debug] [2025-08-27T17:16:19.936Z] Checked if tokens are valid: true, expires at: 1756317311423
[debug] [2025-08-27T17:16:19.937Z] >>> [apiv2][query] POST https://cloudresourcemanager.googleapis.com/v1/projects/buyback-a0f05:testIamPermissions [none]
[debug] [2025-08-27T17:16:19.937Z] >>> [apiv2][(partial)header] POST https://cloudresourcemanager.googleapis.com/v1/projects/buyback-a0f05:testIamPermissions x-goog-quota-user=projects/buyback-a0f05
[debug] [2025-08-27T17:16:19.938Z] >>> [apiv2][body] POST https://cloudresourcemanager.googleapis.com/v1/projects/buyback-a0f05:testIamPermissions {"permissions":["cloudfunctions.functions.create","cloudfunctions.functions.delete","cloudfunctions.functions.get","cloudfunctions.functions.list","cloudfunctions.functions.update","cloudfunctions.operations.get","datastore.indexes.create","datastore.indexes.delete","datastore.indexes.list","datastore.indexes.update","firebase.projects.get","firebasehosting.sites.update"]}
[debug] [2025-08-27T17:16:20.062Z] <<< [apiv2][status] POST https://cloudresourcemanager.googleapis.com/v1/projects/buyback-a0f05:testIamPermissions 200
[debug] [2025-08-27T17:16:20.062Z] <<< [apiv2][body] POST https://cloudresourcemanager.googleapis.com/v1/projects/buyback-a0f05:testIamPermissions {"permissions":["cloudfunctions.functions.create","cloudfunctions.functions.delete","cloudfunctions.functions.get","cloudfunctions.functions.list","cloudfunctions.functions.update","cloudfunctions.operations.get","datastore.indexes.create","datastore.indexes.delete","datastore.indexes.list","datastore.indexes.update","firebase.projects.get","firebasehosting.sites.update"]}
[debug] [2025-08-27T17:16:20.063Z] Checked if tokens are valid: true, expires at: 1756317311423
[debug] [2025-08-27T17:16:20.063Z] Checked if tokens are valid: true, expires at: 1756317311423
[debug] [2025-08-27T17:16:20.063Z] >>> [apiv2][query] POST https://iam.googleapis.com/v1/projects/buyback-a0f05/serviceAccounts/buyback-a0f05@appspot.gserviceaccount.com:testIamPermissions [none]
[debug] [2025-08-27T17:16:20.063Z] >>> [apiv2][body] POST https://iam.googleapis.com/v1/projects/buyback-a0f05/serviceAccounts/buyback-a0f05@appspot.gserviceaccount.com:testIamPermissions {"permissions":["iam.serviceAccounts.actAs"]}
[debug] [2025-08-27T17:16:20.196Z] <<< [apiv2][status] POST https://iam.googleapis.com/v1/projects/buyback-a0f05/serviceAccounts/buyback-a0f05@appspot.gserviceaccount.com:testIamPermissions 200
[debug] [2025-08-27T17:16:20.196Z] <<< [apiv2][body] POST https://iam.googleapis.com/v1/projects/buyback-a0f05/serviceAccounts/buyback-a0f05@appspot.gserviceaccount.com:testIamPermissions {"permissions":["iam.serviceAccounts.actAs"]}
[debug] [2025-08-27T17:16:20.196Z] Checked if tokens are valid: true, expires at: 1756317311423
[debug] [2025-08-27T17:16:20.196Z] Checked if tokens are valid: true, expires at: 1756317311423
[debug] [2025-08-27T17:16:20.197Z] >>> [apiv2][query] GET https://firebase.googleapis.com/v1beta1/projects/buyback-a0f05 [none]
[debug] [2025-08-27T17:16:20.390Z] <<< [apiv2][status] GET https://firebase.googleapis.com/v1beta1/projects/buyback-a0f05 200
[debug] [2025-08-27T17:16:20.390Z] <<< [apiv2][body] GET https://firebase.googleapis.com/v1beta1/projects/buyback-a0f05 {"projectId":"buyback-a0f05","projectNumber":"876430429098","displayName":"BuyBack","name":"projects/buyback-a0f05","resources":{"hostingSite":"buyback-a0f05"},"state":"ACTIVE","etag":"1_2eea51fd-762f-4447-9ed0-07a250db79d6"}
[info] 
[info] === Deploying to 'buyback-a0f05'...
[info] 
[info] i  deploying firestore, functions, hosting 
[info] i  firestore: reading indexes from firestore.indexes.json... 
[info] i  cloud.firestore: checking firestore.rules for compilation errors... 
[debug] [2025-08-27T17:16:20.394Z] Checked if tokens are valid: true, expires at: 1756317311423
[debug] [2025-08-27T17:16:20.394Z] Checked if tokens are valid: true, expires at: 1756317311423
[debug] [2025-08-27T17:16:20.394Z] >>> [apiv2][query] POST https://firebaserules.googleapis.com/v1/projects/buyback-a0f05:test [none]
[debug] [2025-08-27T17:16:20.394Z] >>> [apiv2][body] POST https://firebaserules.googleapis.com/v1/projects/buyback-a0f05:test [omitted]
[debug] [2025-08-27T17:16:20.508Z] <<< [apiv2][status] POST https://firebaserules.googleapis.com/v1/projects/buyback-a0f05:test 200
[debug] [2025-08-27T17:16:20.509Z] <<< [apiv2][body] POST https://firebaserules.googleapis.com/v1/projects/buyback-a0f05:test {}
[info] ✔  cloud.firestore: rules file firestore.rules compiled successfully 
[debug] [2025-08-27T17:16:20.511Z] Checked if tokens are valid: true, expires at: 1756317311423
[debug] [2025-08-27T17:16:20.511Z] Checked if tokens are valid: true, expires at: 1756317311423
[debug] [2025-08-27T17:16:20.511Z] >>> [apiv2][query] GET https://cloudresourcemanager.googleapis.com/v1/projects/buyback-a0f05 [none]
[debug] [2025-08-27T17:16:20.605Z] <<< [apiv2][status] GET https://cloudresourcemanager.googleapis.com/v1/projects/buyback-a0f05 200
[debug] [2025-08-27T17:16:20.605Z] <<< [apiv2][body] GET https://cloudresourcemanager.googleapis.com/v1/projects/buyback-a0f05 {"projectNumber":"876430429098","projectId":"buyback-a0f05","lifecycleState":"ACTIVE","name":"BuyBack","labels":{"firebase":"enabled","firebase-core":"disabled"},"createTime":"2025-08-17T02:29:39.778320Z"}
[info] i  functions: preparing codebase default for deployment 
[info] i  functions: preparing codebase buybacks for deployment 
[info] i  functions: ensuring required API cloudfunctions.googleapis.com is enabled... 
[info] i  functions: ensuring required API cloudbuild.googleapis.com is enabled... 
[info] i  artifactregistry: ensuring required API artifactregistry.googleapis.com is enabled... 
[debug] [2025-08-27T17:16:20.607Z] Checked if tokens are valid: true, expires at: 1756317311423
[debug] [2025-08-27T17:16:20.607Z] Checked if tokens are valid: true, expires at: 1756317311423
[debug] [2025-08-27T17:16:20.607Z] >>> [apiv2][query] GET https://firebase.googleapis.com/v1beta1/projects/buyback-a0f05/adminSdkConfig [none]
[debug] [2025-08-27T17:16:20.785Z] <<< [apiv2][status] GET https://firebase.googleapis.com/v1beta1/projects/buyback-a0f05/adminSdkConfig 200
[debug] [2025-08-27T17:16:20.785Z] <<< [apiv2][body] GET https://firebase.googleapis.com/v1beta1/projects/buyback-a0f05/adminSdkConfig {"projectId":"buyback-a0f05","storageBucket":"buyback-a0f05.firebasestorage.app"}
[debug] [2025-08-27T17:16:20.785Z] Checked if tokens are valid: true, expires at: 1756317311423
[debug] [2025-08-27T17:16:20.785Z] Checked if tokens are valid: true, expires at: 1756317311423
[debug] [2025-08-27T17:16:20.785Z] >>> [apiv2][query] GET https://runtimeconfig.googleapis.com/v1beta1/projects/buyback-a0f05/configs [none]
[debug] [2025-08-27T17:16:21.047Z] <<< [apiv2][status] GET https://runtimeconfig.googleapis.com/v1beta1/projects/buyback-a0f05/configs 200
[debug] [2025-08-27T17:16:21.047Z] <<< [apiv2][body] GET https://runtimeconfig.googleapis.com/v1beta1/projects/buyback-a0f05/configs {"configs":[{"name":"projects/buyback-a0f05/configs/zendesk"},{"name":"projects/buyback-a0f05/configs/app"},{"name":"projects/buyback-a0f05/configs/email"},{"name":"projects/buyback-a0f05/configs/shipengine"},{"name":"projects/buyback-a0f05/configs/shipstation"}]}
[debug] [2025-08-27T17:16:21.047Z] Checked if tokens are valid: true, expires at: 1756317311423
[debug] [2025-08-27T17:16:21.047Z] Checked if tokens are valid: true, expires at: 1756317311423
[debug] [2025-08-27T17:16:21.047Z] Checked if tokens are valid: true, expires at: 1756317311423
[debug] [2025-08-27T17:16:21.047Z] Checked if tokens are valid: true, expires at: 1756317311423
[debug] [2025-08-27T17:16:21.048Z] Checked if tokens are valid: true, expires at: 1756317311423
[debug] [2025-08-27T17:16:21.048Z] Checked if tokens are valid: true, expires at: 1756317311423
[debug] [2025-08-27T17:16:21.048Z] Checked if tokens are valid: true, expires at: 1756317311423
[debug] [2025-08-27T17:16:21.048Z] Checked if tokens are valid: true, expires at: 1756317311423
[debug] [2025-08-27T17:16:21.048Z] Checked if tokens are valid: true, expires at: 1756317311423
[debug] [2025-08-27T17:16:21.048Z] Checked if tokens are valid: true, expires at: 1756317311423
[debug] [2025-08-27T17:16:21.048Z] >>> [apiv2][query] GET https://runtimeconfig.googleapis.com/v1beta1/projects/buyback-a0f05/configs/zendesk/variables [none]
[debug] [2025-08-27T17:16:21.048Z] >>> [apiv2][query] GET https://runtimeconfig.googleapis.com/v1beta1/projects/buyback-a0f05/configs/app/variables [none]
[debug] [2025-08-27T17:16:21.050Z] >>> [apiv2][query] GET https://runtimeconfig.googleapis.com/v1beta1/projects/buyback-a0f05/configs/email/variables [none]
[debug] [2025-08-27T17:16:21.051Z] >>> [apiv2][query] GET https://runtimeconfig.googleapis.com/v1beta1/projects/buyback-a0f05/configs/shipengine/variables [none]
[debug] [2025-08-27T17:16:21.053Z] >>> [apiv2][query] GET https://runtimeconfig.googleapis.com/v1beta1/projects/buyback-a0f05/configs/shipstation/variables [none]
[debug] [2025-08-27T17:16:21.169Z] <<< [apiv2][status] GET https://runtimeconfig.googleapis.com/v1beta1/projects/buyback-a0f05/configs/shipengine/variables 200
[debug] [2025-08-27T17:16:21.170Z] <<< [apiv2][body] GET https://runtimeconfig.googleapis.com/v1beta1/projects/buyback-a0f05/configs/shipengine/variables {"variables":[{"name":"projects/buyback-a0f05/configs/shipengine/variables/key","updateTime":"2025-08-24T05:12:32.892849091Z"}]}
[debug] [2025-08-27T17:16:21.170Z] Checked if tokens are valid: true, expires at: 1756317311423
[debug] [2025-08-27T17:16:21.170Z] Checked if tokens are valid: true, expires at: 1756317311423
[debug] [2025-08-27T17:16:21.170Z] >>> [apiv2][query] GET https://runtimeconfig.googleapis.com/v1beta1/projects/buyback-a0f05/configs/shipengine/variables/key [none]
[debug] [2025-08-27T17:16:21.182Z] <<< [apiv2][status] GET https://runtimeconfig.googleapis.com/v1beta1/projects/buyback-a0f05/configs/app/variables 200
[debug] [2025-08-27T17:16:21.183Z] <<< [apiv2][body] GET https://runtimeconfig.googleapis.com/v1beta1/projects/buyback-a0f05/configs/app/variables {"variables":[{"name":"projects/buyback-a0f05/configs/app/variables/frontend_url","updateTime":"2025-08-24T05:12:33.002522302Z"}]}
[debug] [2025-08-27T17:16:21.183Z] Checked if tokens are valid: true, expires at: 1756317311423
[debug] [2025-08-27T17:16:21.183Z] Checked if tokens are valid: true, expires at: 1756317311423
[debug] [2025-08-27T17:16:21.183Z] >>> [apiv2][query] GET https://runtimeconfig.googleapis.com/v1beta1/projects/buyback-a0f05/configs/app/variables/frontend_url [none]
[debug] [2025-08-27T17:16:21.184Z] <<< [apiv2][status] GET https://runtimeconfig.googleapis.com/v1beta1/projects/buyback-a0f05/configs/shipstation/variables 200
[debug] [2025-08-27T17:16:21.184Z] <<< [apiv2][body] GET https://runtimeconfig.googleapis.com/v1beta1/projects/buyback-a0f05/configs/shipstation/variables {"variables":[{"name":"projects/buyback-a0f05/configs/shipstation/variables/key","updateTime":"2025-08-24T05:12:33.042696840Z"}]}
[debug] [2025-08-27T17:16:21.184Z] Checked if tokens are valid: true, expires at: 1756317311423
[debug] [2025-08-27T17:16:21.184Z] Checked if tokens are valid: true, expires at: 1756317311423
[debug] [2025-08-27T17:16:21.185Z] >>> [apiv2][query] GET https://runtimeconfig.googleapis.com/v1beta1/projects/buyback-a0f05/configs/shipstation/variables/key [none]
[debug] [2025-08-27T17:16:21.186Z] <<< [apiv2][status] GET https://runtimeconfig.googleapis.com/v1beta1/projects/buyback-a0f05/configs/email/variables 200
[debug] [2025-08-27T17:16:21.186Z] <<< [apiv2][body] GET https://runtimeconfig.googleapis.com/v1beta1/projects/buyback-a0f05/configs/email/variables {"variables":[{"name":"projects/buyback-a0f05/configs/email/variables/user","updateTime":"2025-08-26T19:38:29.207408759Z"},{"name":"projects/buyback-a0f05/configs/email/variables/pass","updateTime":"2025-08-26T19:38:29.192380733Z"}]}
[debug] [2025-08-27T17:16:21.186Z] Checked if tokens are valid: true, expires at: 1756317311423
[debug] [2025-08-27T17:16:21.186Z] Checked if tokens are valid: true, expires at: 1756317311423
[debug] [2025-08-27T17:16:21.187Z] Checked if tokens are valid: true, expires at: 1756317311423
[debug] [2025-08-27T17:16:21.187Z] Checked if tokens are valid: true, expires at: 1756317311423
[debug] [2025-08-27T17:16:21.187Z] >>> [apiv2][query] GET https://runtimeconfig.googleapis.com/v1beta1/projects/buyback-a0f05/configs/email/variables/user [none]
[debug] [2025-08-27T17:16:21.187Z] >>> [apiv2][query] GET https://runtimeconfig.googleapis.com/v1beta1/projects/buyback-a0f05/configs/email/variables/pass [none]
[debug] [2025-08-27T17:16:21.188Z] <<< [apiv2][status] GET https://runtimeconfig.googleapis.com/v1beta1/projects/buyback-a0f05/configs/zendesk/variables 200
[debug] [2025-08-27T17:16:21.188Z] <<< [apiv2][body] GET https://runtimeconfig.googleapis.com/v1beta1/projects/buyback-a0f05/configs/zendesk/variables {"variables":[{"name":"projects/buyback-a0f05/configs/zendesk/variables/subdomain","updateTime":"2025-08-24T05:12:32.879555990Z"},{"name":"projects/buyback-a0f05/configs/zendesk/variables/token","updateTime":"2025-08-24T05:12:33.020555536Z"},{"name":"projects/buyback-a0f05/configs/zendesk/variables/url","updateTime":"2025-08-24T05:12:32.892671987Z"},{"name":"projects/buyback-a0f05/configs/zendesk/variables/user","updateTime":"2025-08-24T05:12:32.934845785Z"}]}
[debug] [2025-08-27T17:16:21.188Z] Checked if tokens are valid: true, expires at: 1756317311423
[debug] [2025-08-27T17:16:21.188Z] Checked if tokens are valid: true, expires at: 1756317311423
[debug] [2025-08-27T17:16:21.188Z] Checked if tokens are valid: true, expires at: 1756317311423
[debug] [2025-08-27T17:16:21.188Z] Checked if tokens are valid: true, expires at: 1756317311423
[debug] [2025-08-27T17:16:21.189Z] Checked if tokens are valid: true, expires at: 1756317311423
[debug] [2025-08-27T17:16:21.189Z] Checked if tokens are valid: true, expires at: 1756317311423
[debug] [2025-08-27T17:16:21.189Z] Checked if tokens are valid: true, expires at: 1756317311423
[debug] [2025-08-27T17:16:21.189Z] Checked if tokens are valid: true, expires at: 1756317311423
[debug] [2025-08-27T17:16:21.189Z] >>> [apiv2][query] GET https://runtimeconfig.googleapis.com/v1beta1/projects/buyback-a0f05/configs/zendesk/variables/subdomain [none]
[debug] [2025-08-27T17:16:21.190Z] >>> [apiv2][query] GET https://runtimeconfig.googleapis.com/v1beta1/projects/buyback-a0f05/configs/zendesk/variables/token [none]
[debug] [2025-08-27T17:16:21.192Z] >>> [apiv2][query] GET https://runtimeconfig.googleapis.com/v1beta1/projects/buyback-a0f05/configs/zendesk/variables/url [none]
[debug] [2025-08-27T17:16:21.193Z] >>> [apiv2][query] GET https://runtimeconfig.googleapis.com/v1beta1/projects/buyback-a0f05/configs/zendesk/variables/user [none]
[debug] [2025-08-27T17:16:21.246Z] <<< [apiv2][status] GET https://runtimeconfig.googleapis.com/v1beta1/projects/buyback-a0f05/configs/shipengine/variables/key 200
[debug] [2025-08-27T17:16:21.246Z] <<< [apiv2][body] GET https://runtimeconfig.googleapis.com/v1beta1/projects/buyback-a0f05/configs/shipengine/variables/key {"name":"projects/buyback-a0f05/configs/shipengine/variables/key","updateTime":"2025-08-24T05:12:32.892849091Z","text":"TEST_jqqS4H8I8TUpYISVdIPqzbwjtX9+rFzzKpOmCyDB/k8"}
[debug] [2025-08-27T17:16:21.264Z] <<< [apiv2][status] GET https://runtimeconfig.googleapis.com/v1beta1/projects/buyback-a0f05/configs/app/variables/frontend_url 200
[debug] [2025-08-27T17:16:21.264Z] <<< [apiv2][body] GET https://runtimeconfig.googleapis.com/v1beta1/projects/buyback-a0f05/configs/app/variables/frontend_url {"name":"projects/buyback-a0f05/configs/app/variables/frontend_url","updateTime":"2025-08-24T05:12:33.002522302Z","text":"https://buyback-a0f05.web.app"}
[debug] [2025-08-27T17:16:21.292Z] <<< [apiv2][status] GET https://runtimeconfig.googleapis.com/v1beta1/projects/buyback-a0f05/configs/email/variables/user 200
[debug] [2025-08-27T17:16:21.292Z] <<< [apiv2][body] GET https://runtimeconfig.googleapis.com/v1beta1/projects/buyback-a0f05/configs/email/variables/user {"name":"projects/buyback-a0f05/configs/email/variables/user","updateTime":"2025-08-26T19:38:29.207408759Z","text":"sales@secondhandcell.com"}
[debug] [2025-08-27T17:16:21.294Z] <<< [apiv2][status] GET https://runtimeconfig.googleapis.com/v1beta1/projects/buyback-a0f05/configs/zendesk/variables/url 200
[debug] [2025-08-27T17:16:21.294Z] <<< [apiv2][body] GET https://runtimeconfig.googleapis.com/v1beta1/projects/buyback-a0f05/configs/zendesk/variables/url {"name":"projects/buyback-a0f05/configs/zendesk/variables/url","updateTime":"2025-08-24T05:12:32.892671987Z","text":"https://hellomyname.zendesk.com/api/v2"}
[debug] [2025-08-27T17:16:21.294Z] <<< [apiv2][status] GET https://runtimeconfig.googleapis.com/v1beta1/projects/buyback-a0f05/configs/zendesk/variables/subdomain 200
[debug] [2025-08-27T17:16:21.295Z] <<< [apiv2][body] GET https://runtimeconfig.googleapis.com/v1beta1/projects/buyback-a0f05/configs/zendesk/variables/subdomain {"name":"projects/buyback-a0f05/configs/zendesk/variables/subdomain","updateTime":"2025-08-24T05:12:32.879555990Z","text":"hellomyname"}
[debug] [2025-08-27T17:16:21.295Z] <<< [apiv2][status] GET https://runtimeconfig.googleapis.com/v1beta1/projects/buyback-a0f05/configs/shipstation/variables/key 200
[debug] [2025-08-27T17:16:21.296Z] <<< [apiv2][body] GET https://runtimeconfig.googleapis.com/v1beta1/projects/buyback-a0f05/configs/shipstation/variables/key {"name":"projects/buyback-a0f05/configs/shipstation/variables/key","updateTime":"2025-08-24T05:12:33.042696840Z","text":"TEST_LI7fQ0H7KqY8wyyasdzM4OC+IKzmjDaYKCLhO7F61UY"}
[debug] [2025-08-27T17:16:21.308Z] <<< [apiv2][status] GET https://runtimeconfig.googleapis.com/v1beta1/projects/buyback-a0f05/configs/email/variables/pass 200
[debug] [2025-08-27T17:16:21.308Z] <<< [apiv2][body] GET https://runtimeconfig.googleapis.com/v1beta1/projects/buyback-a0f05/configs/email/variables/pass {"name":"projects/buyback-a0f05/configs/email/variables/pass","updateTime":"2025-08-26T19:38:29.192380733Z","text":"pvqk evbh nzvs bbkf"}
